# JRE version: OpenJDK Runtime Environment Temurin-17.0.3+7 (17.0.3+7) (build 17.0.3+7)
# Java VM: OpenJDK 64-Bit Server VM Temurin-17.0.3+7 (17.0.3+7, mixed mode, emulated-client, tiered, compressed oops, compressed class ptrs, g1 gc, windows-amd64)
GC Precious Log:
 CPUs: 4 total, 4 available
 Memory: 6024M
 Large Page Support: Disabled
 NUMA Support: Disabled
 Compressed Oops: Enabled (32-bit)
 Heap Region Size: 1M
 Heap Min Capacity: 8M
 Heap Initial Capacity: 96M
 Heap Max Capacity: 1508M
 Pre-touch: Disabled
 Parallel Workers: 4
 Concurrent Workers: 1
 Concurrent Refinement Workers: 4
 Periodic GC: Disabled
Heap:
 garbage-first heap   total 208896K, used 75677K [0x00000000a1c00000, 0x0000000100000000)
  region size 1024K, 9 young (9216K), 9 survivors (9216K)
 Metaspace       used 43826K, committed 44160K, reserved 1089536K
  class space    used 5406K, committed 5568K, reserved 1048576K
GC Heap History (20 events):
Event: 25.331 GC heap after
{Heap after GC invocations=19 (full 0):
 garbage-first heap   total 94208K, used 49928K [0x00000000a1c00000, 0x0000000100000000)
  region size 1024K, 4 young (4096K), 4 survivors (4096K)
 Metaspace       used 37629K, committed 38016K, reserved 1089536K
  class space    used 4778K, committed 4992K, reserved 1048576K
}
Event: 25.985 GC heap before
{Heap before GC invocations=20 (full 0):
 garbage-first heap   total 96256K, used 68360K [0x00000000a1c00000, 0x0000000100000000)
  region size 1024K, 20 young (20480K), 4 survivors (4096K)
 Metaspace       used 39406K, committed 39744K, reserved 1089536K
  class space    used 4898K, committed 5056K, reserved 1048576K
}
Event: 25.989 GC heap after
{Heap after GC invocations=21 (full 0):
 garbage-first heap   total 96256K, used 55079K [0x00000000a1c00000, 0x0000000100000000)
  region size 1024K, 3 young (3072K), 3 survivors (3072K)
 Metaspace       used 39406K, committed 39744K, reserved 1089536K
  class space    used 4898K, committed 5056K, reserved 1048576K
}
Event: 26.261 GC heap before
{Heap before GC invocations=21 (full 0):
 garbage-first heap   total 96256K, used 69415K [0x00000000a1c00000, 0x0000000100000000)
  region size 1024K, 18 young (18432K), 3 survivors (3072K)
 Metaspace       used 40927K, committed 41280K, reserved 1089536K
  class space    used 5065K, committed 5248K, reserved 1048576K
}
Event: 26.264 GC heap after
{Heap after GC invocations=22 (full 0):
 garbage-first heap   total 96256K, used 55770K [0x00000000a1c00000, 0x0000000100000000)
  region size 1024K, 1 young (1024K), 1 survivors (1024K)
 Metaspace       used 40927K, committed 41280K, reserved 1089536K
  class space    used 5065K, committed 5248K, reserved 1048576K
}
Event: 26.352 GC heap before
{Heap before GC invocations=22 (full 0):
 garbage-first heap   total 96256K, used 71130K [0x00000000a1c00000, 0x0000000100000000)
  region size 1024K, 17 young (17408K), 1 survivors (1024K)
 Metaspace       used 41232K, committed 41600K, reserved 1089536K
  class space    used 5107K, committed 5248K, reserved 1048576K
}
Event: 26.356 GC heap after
{Heap after GC invocations=23 (full 0):
 garbage-first heap   total 96256K, used 56443K [0x00000000a1c00000, 0x0000000100000000)
  region size 1024K, 2 young (2048K), 2 survivors (2048K)
 Metaspace       used 41232K, committed 41600K, reserved 1089536K
  class space    used 5107K, committed 5248K, reserved 1048576K
}
Event: 26.404 GC heap before
{Heap before GC invocations=23 (full 0):
 garbage-first heap   total 96256K, used 71803K [0x00000000a1c00000, 0x0000000100000000)
  region size 1024K, 18 young (18432K), 2 survivors (2048K)
 Metaspace       used 41484K, committed 41856K, reserved 1089536K
  class space    used 5141K, committed 5312K, reserved 1048576K
}
Event: 26.407 GC heap after
{Heap after GC invocations=24 (full 0):
 garbage-first heap   total 96256K, used 57279K [0x00000000a1c00000, 0x0000000100000000)
  region size 1024K, 3 young (3072K), 3 survivors (3072K)
 Metaspace       used 41484K, committed 41856K, reserved 1089536K
  class space    used 5141K, committed 5312K, reserved 1048576K
}
Event: 26.464 GC heap before
{Heap before GC invocations=24 (full 0):
 garbage-first heap   total 104448K, used 73663K [0x00000000a1c00000, 0x0000000100000000)
  region size 1024K, 20 young (20480K), 3 survivors (3072K)
 Metaspace       used 41575K, committed 41920K, reserved 1089536K
  class space    used 5153K, committed 5312K, reserved 1048576K
}
Event: 26.469 GC heap after
{Heap after GC invocations=25 (full 0):
 garbage-first heap   total 208896K, used 58361K [0x00000000a1c00000, 0x0000000100000000)
  region size 1024K, 2 young (2048K), 2 survivors (2048K)
 Metaspace       used 41575K, committed 41920K, reserved 1089536K
  class space    used 5153K, committed 5312K, reserved 1048576K
}
Event: 26.807 GC heap before
{Heap before GC invocations=26 (full 0):
 garbage-first heap   total 208896K, used 124921K [0x00000000a1c00000, 0x0000000100000000)
  region size 1024K, 68 young (69632K), 2 survivors (2048K)
 Metaspace       used 42083K, committed 42432K, reserved 1089536K
  class space    used 5213K, committed 5376K, reserved 1048576K
}
Event: 26.815 GC heap after
{Heap after GC invocations=27 (full 0):
 garbage-first heap   total 208896K, used 61456K [0x00000000a1c00000, 0x0000000100000000)
  region size 1024K, 5 young (5120K), 5 survivors (5120K)
 Metaspace       used 42083K, committed 42432K, reserved 1089536K
  class space    used 5213K, committed 5376K, reserved 1048576K
}
Event: 26.829 GC heap before
{Heap before GC invocations=27 (full 0):
 garbage-first heap   total 208896K, used 65552K [0x00000000a1c00000, 0x0000000100000000)
  region size 1024K, 10 young (10240K), 5 survivors (5120K)
 Metaspace       used 42085K, committed 42432K, reserved 1089536K
  class space    used 5213K, committed 5376K, reserved 1048576K
}
Event: 26.835 GC heap after
{Heap after GC invocations=28 (full 0):
 garbage-first heap   total 208896K, used 61799K [0x00000000a1c00000, 0x0000000100000000)
  region size 1024K, 1 young (1024K), 1 survivors (1024K)
 Metaspace       used 42085K, committed 42432K, reserved 1089536K
  class space    used 5213K, committed 5376K, reserved 1048576K
}
Event: 27.129 GC heap before
{Heap before GC invocations=28 (full 0):
 garbage-first heap   total 208896K, used 159079K [0x00000000a1c00000, 0x0000000100000000)
  region size 1024K, 97 young (99328K), 1 survivors (1024K)
 Metaspace       used 42538K, committed 42944K, reserved 1089536K
  class space    used 5256K, committed 5440K, reserved 1048576K
}
Event: 27.138 GC heap after
{Heap after GC invocations=29 (full 0):
 garbage-first heap   total 208896K, used 66658K [0x00000000a1c00000, 0x0000000100000000)
  region size 1024K, 6 young (6144K), 6 survivors (6144K)
 Metaspace       used 42538K, committed 42944K, reserved 1089536K
  class space    used 5256K, committed 5440K, reserved 1048576K
}
Event: 27.414 GC heap before
{Heap before GC invocations=29 (full 0):
 garbage-first heap   total 208896K, used 157794K [0x00000000a1c00000, 0x0000000100000000)
  region size 1024K, 96 young (98304K), 6 survivors (6144K)
 Metaspace       used 43501K, committed 43840K, reserved 1089536K
  class space    used 5355K, committed 5504K, reserved 1048576K
}
Event: 27.423 GC heap after
{Heap after GC invocations=30 (full 0):
 garbage-first heap   total 208896K, used 71074K [0x00000000a1c00000, 0x0000000100000000)
  region size 1024K, 10 young (10240K), 10 survivors (10240K)
 Metaspace       used 43501K, committed 43840K, reserved 1089536K
  class space    used 5355K, committed 5504K, reserved 1048576K
}
Event: 27.676 GC heap before
{Heap before GC invocations=30 (full 0):
 garbage-first heap   total 208896K, used 162210K [0x00000000a1c00000, 0x0000000100000000)
  region size 1024K, 100 young (102400K), 10 survivors (10240K)
 Metaspace       used 43826K, committed 44160K, reserved 1089536K
  class space    used 5406K, committed 5568K, reserved 1048576K
}

