# JRE version: OpenJDK Runtime Environment Temurin-17.0.3+7 (17.0.3+7) (build 17.0.3+7)
# Java VM: OpenJDK 64-Bit Server VM Temurin-17.0.3+7 (17.0.3+7, mixed mode, tiered, compressed oops, compressed class ptrs, parallel gc, windows-amd64)
GC Precious Log:
 CPUs: 4 total, 4 available
 Memory: 6024M
 Large Page Support: Disabled
 NUMA Support: Disabled
 Compressed Oops: Enabled (32-bit)
 Alignments: Space 512K, Generation 512K, Heap 2M
 Heap Min Capacity: 100M
 Heap Initial Capacity: 100M
 Heap Max Capacity: 1G
 Pre-touch: Disabled
 Parallel Workers: 4
Heap:
 PSYoungGen      total 2048K, used 1151K [0x00000000eab00000, 0x00000000eb000000, 0x0000000100000000)
  eden space 1024K, 12% used [0x00000000eab00000,0x00000000eab20680,0x00000000eac00000)
  from space 1024K, 99% used [0x00000000eac80000,0x00000000ead7f580,0x00000000ead80000)
  to   space 2048K, 0% used [0x00000000eae00000,0x00000000eae00000,0x00000000eb000000)
 ParOldGen       total 61952K, used 51113K [0x00000000c0000000, 0x00000000c3c80000, 0x00000000eab00000)
  object space 61952K, 82% used [0x00000000c0000000,0x00000000c31ea788,0x00000000c3c80000)
 Metaspace       used 66365K, committed 67520K, reserved 1114112K
  class space    used 6918K, committed 7424K, reserved 1048576K
GC Heap History (20 events):
Event: 385.276 GC heap before
{Heap before GC invocations=603 (full 16):
 PSYoungGen      total 2048K, used 1728K [0x00000000eab00000, 0x00000000eae00000, 0x0000000100000000)
  eden space 1536K, 100% used [0x00000000eab00000,0x00000000eac80000,0x00000000eac80000)
  from space 512K, 37% used [0x00000000ead00000,0x00000000ead30000,0x00000000ead80000)
  to   space 512K, 0% used [0x00000000ead80000,0x00000000ead80000,0x00000000eae00000)
 ParOldGen       total 61952K, used 43919K [0x00000000c0000000, 0x00000000c3c80000, 0x00000000eab00000)
  object space 61952K, 70% used [0x00000000c0000000,0x00000000c2ae3f98,0x00000000c3c80000)
 Metaspace       used 66269K, committed 67520K, reserved 1114112K
  class space    used 6914K, committed 7424K, reserved 1048576K
}
Event: 385.278 GC heap after
{Heap after GC invocations=603 (full 16):
 PSYoungGen      total 2048K, used 128K [0x00000000eab00000, 0x00000000eae00000, 0x0000000100000000)
  eden space 1536K, 0% used [0x00000000eab00000,0x00000000eab00000,0x00000000eac80000)
  from space 512K, 25% used [0x00000000ead80000,0x00000000eada0000,0x00000000eae00000)
  to   space 512K, 0% used [0x00000000ead00000,0x00000000ead00000,0x00000000ead80000)
 ParOldGen       total 61952K, used 44031K [0x00000000c0000000, 0x00000000c3c80000, 0x00000000eab00000)
  object space 61952K, 71% used [0x00000000c0000000,0x00000000c2afff98,0x00000000c3c80000)
 Metaspace       used 66269K, committed 67520K, reserved 1114112K
  class space    used 6914K, committed 7424K, reserved 1048576K
}
Event: 385.466 GC heap before
{Heap before GC invocations=604 (full 16):
 PSYoungGen      total 2048K, used 1664K [0x00000000eab00000, 0x00000000eae00000, 0x0000000100000000)
  eden space 1536K, 100% used [0x00000000eab00000,0x00000000eac80000,0x00000000eac80000)
  from space 512K, 25% used [0x00000000ead80000,0x00000000eada0000,0x00000000eae00000)
  to   space 512K, 0% used [0x00000000ead00000,0x00000000ead00000,0x00000000ead80000)
 ParOldGen       total 61952K, used 44031K [0x00000000c0000000, 0x00000000c3c80000, 0x00000000eab00000)
  object space 61952K, 71% used [0x00000000c0000000,0x00000000c2afff98,0x00000000c3c80000)
 Metaspace       used 66322K, committed 67520K, reserved 1114112K
  class space    used 6918K, committed 7424K, reserved 1048576K
}
Event: 385.467 GC heap after
{Heap after GC invocations=604 (full 16):
 PSYoungGen      total 2048K, used 483K [0x00000000eab00000, 0x00000000eae80000, 0x0000000100000000)
  eden space 1536K, 0% used [0x00000000eab00000,0x00000000eab00000,0x00000000eac80000)
  from space 512K, 94% used [0x00000000ead00000,0x00000000ead78d98,0x00000000ead80000)
  to   space 1024K, 0% used [0x00000000ead80000,0x00000000ead80000,0x00000000eae80000)
 ParOldGen       total 61952K, used 44656K [0x00000000c0000000, 0x00000000c3c80000, 0x00000000eab00000)
  object space 61952K, 72% used [0x00000000c0000000,0x00000000c2b9c1f8,0x00000000c3c80000)
 Metaspace       used 66322K, committed 67520K, reserved 1114112K
  class space    used 6918K, committed 7424K, reserved 1048576K
}
Event: 385.567 GC heap before
{Heap before GC invocations=605 (full 16):
 PSYoungGen      total 2048K, used 1994K [0x00000000eab00000, 0x00000000eae80000, 0x0000000100000000)
  eden space 1536K, 98% used [0x00000000eab00000,0x00000000eac79da8,0x00000000eac80000)
  from space 512K, 94% used [0x00000000ead00000,0x00000000ead78d98,0x00000000ead80000)
  to   space 1024K, 0% used [0x00000000ead80000,0x00000000ead80000,0x00000000eae80000)
 ParOldGen       total 61952K, used 44656K [0x00000000c0000000, 0x00000000c3c80000, 0x00000000eab00000)
  object space 61952K, 72% used [0x00000000c0000000,0x00000000c2b9c1f8,0x00000000c3c80000)
 Metaspace       used 66322K, committed 67520K, reserved 1114112K
  class space    used 6918K, committed 7424K, reserved 1048576K
}
Event: 385.568 GC heap after
{Heap after GC invocations=605 (full 16):
 PSYoungGen      total 2048K, used 987K [0x00000000eab00000, 0x00000000eaf80000, 0x0000000100000000)
  eden space 1024K, 0% used [0x00000000eab00000,0x00000000eab00000,0x00000000eac00000)
  from space 1024K, 96% used [0x00000000ead80000,0x00000000eae76df8,0x00000000eae80000)
  to   space 1536K, 0% used [0x00000000eac00000,0x00000000eac00000,0x00000000ead80000)
 ParOldGen       total 61952K, used 45580K [0x00000000c0000000, 0x00000000c3c80000, 0x00000000eab00000)
  object space 61952K, 73% used [0x00000000c0000000,0x00000000c2c83148,0x00000000c3c80000)
 Metaspace       used 66322K, committed 67520K, reserved 1114112K
  class space    used 6918K, committed 7424K, reserved 1048576K
}
Event: 385.634 GC heap before
{Heap before GC invocations=606 (full 16):
 PSYoungGen      total 2048K, used 2011K [0x00000000eab00000, 0x00000000eaf80000, 0x0000000100000000)
  eden space 1024K, 100% used [0x00000000eab00000,0x00000000eac00000,0x00000000eac00000)
  from space 1024K, 96% used [0x00000000ead80000,0x00000000eae76df8,0x00000000eae80000)
  to   space 1536K, 0% used [0x00000000eac00000,0x00000000eac00000,0x00000000ead80000)
 ParOldGen       total 61952K, used 45580K [0x00000000c0000000, 0x00000000c3c80000, 0x00000000eab00000)
  object space 61952K, 73% used [0x00000000c0000000,0x00000000c2c83148,0x00000000c3c80000)
 Metaspace       used 66322K, committed 67520K, reserved 1114112K
  class space    used 6918K, committed 7424K, reserved 1048576K
}
Event: 385.635 GC heap after
{Heap after GC invocations=606 (full 16):
 PSYoungGen      total 2560K, used 1121K [0x00000000eab00000, 0x00000000eaf00000, 0x0000000100000000)
  eden space 1024K, 0% used [0x00000000eab00000,0x00000000eab00000,0x00000000eac00000)
  from space 1536K, 73% used [0x00000000eac00000,0x00000000ead18540,0x00000000ead80000)
  to   space 1536K, 0% used [0x00000000ead80000,0x00000000ead80000,0x00000000eaf00000)
 ParOldGen       total 61952K, used 46501K [0x00000000c0000000, 0x00000000c3c80000, 0x00000000eab00000)
  object space 61952K, 75% used [0x00000000c0000000,0x00000000c2d694a0,0x00000000c3c80000)
 Metaspace       used 66322K, committed 67520K, reserved 1114112K
  class space    used 6918K, committed 7424K, reserved 1048576K
}
Event: 385.728 GC heap before
{Heap before GC invocations=607 (full 16):
 PSYoungGen      total 2560K, used 2145K [0x00000000eab00000, 0x00000000eaf00000, 0x0000000100000000)
  eden space 1024K, 100% used [0x00000000eab00000,0x00000000eac00000,0x00000000eac00000)
  from space 1536K, 73% used [0x00000000eac00000,0x00000000ead18540,0x00000000ead80000)
  to   space 1536K, 0% used [0x00000000ead80000,0x00000000ead80000,0x00000000eaf00000)
 ParOldGen       total 61952K, used 46501K [0x00000000c0000000, 0x00000000c3c80000, 0x00000000eab00000)
  object space 61952K, 75% used [0x00000000c0000000,0x00000000c2d694a0,0x00000000c3c80000)
 Metaspace       used 66350K, committed 67520K, reserved 1114112K
  class space    used 6918K, committed 7424K, reserved 1048576K
}
Event: 385.731 GC heap after
{Heap after GC invocations=607 (full 16):
 PSYoungGen      total 1536K, used 335K [0x00000000eab00000, 0x00000000eae00000, 0x0000000100000000)
  eden space 1024K, 0% used [0x00000000eab00000,0x00000000eab00000,0x00000000eac00000)
  from space 512K, 65% used [0x00000000ead80000,0x00000000eadd3de8,0x00000000eae00000)
  to   space 1024K, 0% used [0x00000000eac00000,0x00000000eac00000,0x00000000ead00000)
 ParOldGen       total 61952K, used 47487K [0x00000000c0000000, 0x00000000c3c80000, 0x00000000eab00000)
  object space 61952K, 76% used [0x00000000c0000000,0x00000000c2e5fed0,0x00000000c3c80000)
 Metaspace       used 66350K, committed 67520K, reserved 1114112K
  class space    used 6918K, committed 7424K, reserved 1048576K
}
Event: 386.274 GC heap before
{Heap before GC invocations=608 (full 16):
 PSYoungGen      total 1536K, used 1213K [0x00000000eab00000, 0x00000000eae00000, 0x0000000100000000)
  eden space 1024K, 85% used [0x00000000eab00000,0x00000000eabdb7e8,0x00000000eac00000)
  from space 512K, 65% used [0x00000000ead80000,0x00000000eadd3de8,0x00000000eae00000)
  to   space 1024K, 0% used [0x00000000eac00000,0x00000000eac00000,0x00000000ead00000)
 ParOldGen       total 61952K, used 48032K [0x00000000c0000000, 0x00000000c3c80000, 0x00000000eab00000)
  object space 61952K, 77% used [0x00000000c0000000,0x00000000c2ee8130,0x00000000c3c80000)
 Metaspace       used 66363K, committed 67520K, reserved 1114112K
  class space    used 6918K, committed 7424K, reserved 1048576K
}
Event: 386.279 GC heap after
{Heap after GC invocations=608 (full 16):
 PSYoungGen      total 2048K, used 415K [0x00000000eab00000, 0x00000000eae00000, 0x0000000100000000)
  eden space 1024K, 0% used [0x00000000eab00000,0x00000000eab00000,0x00000000eac00000)
  from space 1024K, 40% used [0x00000000eac00000,0x00000000eac67f80,0x00000000ead00000)
  to   space 512K, 0% used [0x00000000ead80000,0x00000000ead80000,0x00000000eae00000)
 ParOldGen       total 61952K, used 48232K [0x00000000c0000000, 0x00000000c3c80000, 0x00000000eab00000)
  object space 61952K, 77% used [0x00000000c0000000,0x00000000c2f1a130,0x00000000c3c80000)
 Metaspace       used 66363K, committed 67520K, reserved 1114112K
  class space    used 6918K, committed 7424K, reserved 1048576K
}
Event: 386.312 GC heap before
{Heap before GC invocations=609 (full 16):
 PSYoungGen      total 2048K, used 1384K [0x00000000eab00000, 0x00000000eae00000, 0x0000000100000000)
  eden space 1024K, 94% used [0x00000000eab00000,0x00000000eabf22e8,0x00000000eac00000)
  from space 1024K, 40% used [0x00000000eac00000,0x00000000eac67f80,0x00000000ead00000)
  to   space 512K, 0% used [0x00000000ead80000,0x00000000ead80000,0x00000000eae00000)
 ParOldGen       total 61952K, used 48232K [0x00000000c0000000, 0x00000000c3c80000, 0x00000000eab00000)
  object space 61952K, 77% used [0x00000000c0000000,0x00000000c2f1a130,0x00000000c3c80000)
 Metaspace       used 66363K, committed 67520K, reserved 1114112K
  class space    used 6918K, committed 7424K, reserved 1048576K
}
Event: 386.313 GC heap after
{Heap after GC invocations=609 (full 16):
 PSYoungGen      total 1536K, used 507K [0x00000000eab00000, 0x00000000eaf00000, 0x0000000100000000)
  eden space 1024K, 0% used [0x00000000eab00000,0x00000000eab00000,0x00000000eac00000)
  from space 512K, 99% used [0x00000000ead80000,0x00000000eadfedf0,0x00000000eae00000)
  to   space 1536K, 0% used [0x00000000eac00000,0x00000000eac00000,0x00000000ead80000)
 ParOldGen       total 61952K, used 49058K [0x00000000c0000000, 0x00000000c3c80000, 0x00000000eab00000)
  object space 61952K, 79% used [0x00000000c0000000,0x00000000c2fe89c8,0x00000000c3c80000)
 Metaspace       used 66363K, committed 67520K, reserved 1114112K
  class space    used 6918K, committed 7424K, reserved 1048576K
}
Event: 386.338 GC heap before
{Heap before GC invocations=610 (full 16):
 PSYoungGen      total 1536K, used 1407K [0x00000000eab00000, 0x00000000eaf00000, 0x0000000100000000)
  eden space 1024K, 87% used [0x00000000eab00000,0x00000000eabe0fd0,0x00000000eac00000)
  from space 512K, 99% used [0x00000000ead80000,0x00000000eadfedf0,0x00000000eae00000)
  to   space 1536K, 0% used [0x00000000eac00000,0x00000000eac00000,0x00000000ead80000)
 ParOldGen       total 61952K, used 49058K [0x00000000c0000000, 0x00000000c3c80000, 0x00000000eab00000)
  object space 61952K, 79% used [0x00000000c0000000,0x00000000c2fe89c8,0x00000000c3c80000)
 Metaspace       used 66365K, committed 67520K, reserved 1114112K
  class space    used 6918K, committed 7424K, reserved 1048576K
}
Event: 386.339 GC heap after
{Heap after GC invocations=610 (full 16):
 PSYoungGen      total 2560K, used 968K [0x00000000eab00000, 0x00000000eaf00000, 0x0000000100000000)
  eden space 1024K, 0% used [0x00000000eab00000,0x00000000eab00000,0x00000000eac00000)
  from space 1536K, 63% used [0x00000000eac00000,0x00000000eacf2050,0x00000000ead80000)
  to   space 1536K, 0% used [0x00000000ead80000,0x00000000ead80000,0x00000000eaf00000)
 ParOldGen       total 61952K, used 49551K [0x00000000c0000000, 0x00000000c3c80000, 0x00000000eab00000)
  object space 61952K, 79% used [0x00000000c0000000,0x00000000c3063f10,0x00000000c3c80000)
 Metaspace       used 66365K, committed 67520K, reserved 1114112K
  class space    used 6918K, committed 7424K, reserved 1048576K
}
Event: 386.381 GC heap before
{Heap before GC invocations=611 (full 16):
 PSYoungGen      total 2560K, used 1673K [0x00000000eab00000, 0x00000000eaf00000, 0x0000000100000000)
  eden space 1024K, 68% used [0x00000000eab00000,0x00000000eabb0708,0x00000000eac00000)
  from space 1536K, 63% used [0x00000000eac00000,0x00000000eacf2050,0x00000000ead80000)
  to   space 1536K, 0% used [0x00000000ead80000,0x00000000ead80000,0x00000000eaf00000)
 ParOldGen       total 61952K, used 49551K [0x00000000c0000000, 0x00000000c3c80000, 0x00000000eab00000)
  object space 61952K, 79% used [0x00000000c0000000,0x00000000c3063f10,0x00000000c3c80000)
 Metaspace       used 66365K, committed 67520K, reserved 1114112K
  class space    used 6918K, committed 7424K, reserved 1048576K
}
Event: 386.382 GC heap after
{Heap after GC invocations=611 (full 16):
 PSYoungGen      total 2048K, used 754K [0x00000000eab00000, 0x00000000eae80000, 0x0000000100000000)
  eden space 1024K, 0% used [0x00000000eab00000,0x00000000eab00000,0x00000000eac00000)
  from space 1024K, 73% used [0x00000000ead80000,0x00000000eae3cae8,0x00000000eae80000)
  to   space 1024K, 0% used [0x00000000eac80000,0x00000000eac80000,0x00000000ead80000)
 ParOldGen       total 61952K, used 50414K [0x00000000c0000000, 0x00000000c3c80000, 0x00000000eab00000)
  object space 61952K, 81% used [0x00000000c0000000,0x00000000c313baa8,0x00000000c3c80000)
 Metaspace       used 66365K, committed 67520K, reserved 1114112K
  class space    used 6918K, committed 7424K, reserved 1048576K
}
Event: 386.431 GC heap before
{Heap before GC invocations=612 (full 16):
 PSYoungGen      total 2048K, used 1769K [0x00000000eab00000, 0x00000000eae80000, 0x0000000100000000)
  eden space 1024K, 99% used [0x00000000eab00000,0x00000000eabfdc68,0x00000000eac00000)
  from space 1024K, 73% used [0x00000000ead80000,0x00000000eae3cae8,0x00000000eae80000)
  to   space 1024K, 0% used [0x00000000eac80000,0x00000000eac80000,0x00000000ead80000)
 ParOldGen       total 61952K, used 50414K [0x00000000c0000000, 0x00000000c3c80000, 0x00000000eab00000)
  object space 61952K, 81% used [0x00000000c0000000,0x00000000c313baa8,0x00000000c3c80000)
 Metaspace       used 66365K, committed 67520K, reserved 1114112K
  class space    used 6918K, committed 7424K, reserved 1048576K
}
Event: 386.432 GC heap after
{Heap after GC invocations=612 (full 16):
 PSYoungGen      total 2048K, used 1021K [0x00000000eab00000, 0x00000000eb000000, 0x0000000100000000)
  eden space 1024K, 0% used [0x00000000eab00000,0x00000000eab00000,0x00000000eac00000)
  from space 1024K, 99% used [0x00000000eac80000,0x00000000ead7f580,0x00000000ead80000)
  to   space 2048K, 0% used [0x00000000eae00000,0x00000000eae00000,0x00000000eb000000)
 ParOldGen       total 61952K, used 51113K [0x00000000c0000000, 0x00000000c3c80000, 0x00000000eab00000)
  object space 61952K, 82% used [0x00000000c0000000,0x00000000c31ea788,0x00000000c3c80000)
 Metaspace       used 66365K, committed 67520K, reserved 1114112K
  class space    used 6918K, committed 7424K, reserved 1048576K
}

